# JRE version: OpenJDK Runtime Environment (8.0_242-b01) (build 1.8.0_242-release-1644-b01)
# Java VM: OpenJDK 64-Bit Server VM (25.242-b01 mixed mode windows-amd64 compressed oops)
Heap:
 PSYoungGen      total 103936K, used 90128K [0x00000000d5b80000, 0x00000000dd500000, 0x0000000100000000)
  eden space 83456K, 83% used [0x00000000d5b80000,0x00000000d9f887f8,0x00000000dad00000)
  from space 20480K, 99% used [0x00000000dad00000,0x00000000dc0fb8b8,0x00000000dc100000)
  to   space 14848K, 0% used [0x00000000dc680000,0x00000000dc680000,0x00000000dd500000)
 ParOldGen       total 114688K, used 33696K [0x0000000081200000, 0x0000000088200000, 0x00000000d5b80000)
  object space 114688K, 29% used [0x0000000081200000,0x00000000832e80d0,0x0000000088200000)
 Metaspace       used 49254K, capacity 50164K, committed 50648K, reserved 1093632K
  class space    used 5800K, capacity 6092K, committed 6144K, reserved 1048576K
GC Heap History (10 events):
Event: 5.127 GC heap before
{Heap before GC invocations=7 (full 1):
 PSYoungGen      total 38400K, used 38391K [0x00000000d5b80000, 0x00000000db500000, 0x0000000100000000)
  eden space 33280K, 100% used [0x00000000d5b80000,0x00000000d7c00000,0x00000000d7c00000)
  from space 5120K, 99% used [0x00000000d7c00000,0x00000000d80fdc80,0x00000000d8100000)
  to   space 20992K, 0% used [0x00000000da080000,0x00000000da080000,0x00000000db500000)
 ParOldGen       total 94208K, used 30263K [0x0000000081200000, 0x0000000086e00000, 0x00000000d5b80000)
  object space 94208K, 32% used [0x0000000081200000,0x0000000082f8df18,0x0000000086e00000)
 Metaspace       used 34277K, capacity 34820K, committed 35200K, reserved 1079296K
  class space    used 4262K, capacity 4412K, committed 4480K, reserved 1048576K
Event: 5.142 GC heap after
Heap after GC invocations=7 (full 1):
 PSYoungGen      total 70144K, used 14932K [0x00000000d5b80000, 0x00000000db880000, 0x0000000100000000)
  eden space 49152K, 0% used [0x00000000d5b80000,0x00000000d5b80000,0x00000000d8b80000)
  from space 20992K, 71% used [0x00000000da080000,0x00000000daf15020,0x00000000db500000)
  to   space 21504K, 0% used [0x00000000d8b80000,0x00000000d8b80000,0x00000000da080000)
 ParOldGen       total 94208K, used 30271K [0x0000000081200000, 0x0000000086e00000, 0x00000000d5b80000)
  object space 94208K, 32% used [0x0000000081200000,0x0000000082f8ff18,0x0000000086e00000)
 Metaspace       used 34277K, capacity 34820K, committed 35200K, reserved 1079296K
  class space    used 4262K, capacity 4412K, committed 4480K, reserved 1048576K
}
Event: 5.178 GC heap before
{Heap before GC invocations=8 (full 1):
 PSYoungGen      total 70144K, used 18892K [0x00000000d5b80000, 0x00000000db880000, 0x0000000100000000)
  eden space 49152K, 8% used [0x00000000d5b80000,0x00000000d5f5e100,0x00000000d8b80000)
  from space 20992K, 71% used [0x00000000da080000,0x00000000daf15020,0x00000000db500000)
  to   space 21504K, 0% used [0x00000000d8b80000,0x00000000d8b80000,0x00000000da080000)
 ParOldGen       total 94208K, used 30271K [0x0000000081200000, 0x0000000086e00000, 0x00000000d5b80000)
  object space 94208K, 32% used [0x0000000081200000,0x0000000082f8ff18,0x0000000086e00000)
 Metaspace       used 34628K, capacity 35140K, committed 35416K, reserved 1081344K
  class space    used 4302K, capacity 4476K, committed 4480K, reserved 1048576K
Event: 5.186 GC heap after
Heap after GC invocations=8 (full 1):
 PSYoungGen      total 70656K, used 9804K [0x00000000d5b80000, 0x00000000dda80000, 0x0000000100000000)
  eden space 49152K, 0% used [0x00000000d5b80000,0x00000000d5b80000,0x00000000d8b80000)
  from space 21504K, 45% used [0x00000000d8b80000,0x00000000d9513260,0x00000000da080000)
  to   space 20480K, 0% used [0x00000000dc680000,0x00000000dc680000,0x00000000dda80000)
 ParOldGen       total 94208K, used 30279K [0x0000000081200000, 0x0000000086e00000, 0x00000000d5b80000)
  object space 94208K, 32% used [0x0000000081200000,0x0000000082f91f18,0x0000000086e00000)
 Metaspace       used 34628K, capacity 35140K, committed 35416K, reserved 1081344K
  class space    used 4302K, capacity 4476K, committed 4480K, reserved 1048576K
}
Event: 5.186 GC heap before
{Heap before GC invocations=9 (full 2):
 PSYoungGen      total 70656K, used 9804K [0x00000000d5b80000, 0x00000000dda80000, 0x0000000100000000)
  eden space 49152K, 0% used [0x00000000d5b80000,0x00000000d5b80000,0x00000000d8b80000)
  from space 21504K, 45% used [0x00000000d8b80000,0x00000000d9513260,0x00000000da080000)
  to   space 20480K, 0% used [0x00000000dc680000,0x00000000dc680000,0x00000000dda80000)
 ParOldGen       total 94208K, used 30279K [0x0000000081200000, 0x0000000086e00000, 0x00000000d5b80000)
  object space 94208K, 32% used [0x0000000081200000,0x0000000082f91f18,0x0000000086e00000)
 Metaspace       used 34628K, capacity 35140K, committed 35416K, reserved 1081344K
  class space    used 4302K, capacity 4476K, committed 4480K, reserved 1048576K
Event: 5.240 GC heap after
Heap after GC invocations=9 (full 2):
 PSYoungGen      total 70656K, used 0K [0x00000000d5b80000, 0x00000000dda80000, 0x0000000100000000)
  eden space 49152K, 0% used [0x00000000d5b80000,0x00000000d5b80000,0x00000000d8b80000)
  from space 21504K, 0% used [0x00000000d8b80000,0x00000000d8b80000,0x00000000da080000)
  to   space 20480K, 0% used [0x00000000dc680000,0x00000000dc680000,0x00000000dda80000)
 ParOldGen       total 114688K, used 31248K [0x0000000081200000, 0x0000000088200000, 0x00000000d5b80000)
  object space 114688K, 27% used [0x0000000081200000,0x00000000830840e0,0x0000000088200000)
 Metaspace       used 34628K, capacity 35140K, committed 35416K, reserved 1081344K
  class space    used 4302K, capacity 4476K, committed 4480K, reserved 1048576K
}
Event: 6.307 GC heap before
{Heap before GC invocations=10 (full 2):
 PSYoungGen      total 70656K, used 49152K [0x00000000d5b80000, 0x00000000dda80000, 0x0000000100000000)
  eden space 49152K, 100% used [0x00000000d5b80000,0x00000000d8b80000,0x00000000d8b80000)
  from space 21504K, 0% used [0x00000000d8b80000,0x00000000d8b80000,0x00000000da080000)
  to   space 20480K, 0% used [0x00000000dc680000,0x00000000dc680000,0x00000000dda80000)
 ParOldGen       total 114688K, used 31248K [0x0000000081200000, 0x0000000088200000, 0x00000000d5b80000)
  object space 114688K, 27% used [0x0000000081200000,0x00000000830840e0,0x0000000088200000)
 Metaspace       used 40746K, capacity 41498K, committed 41816K, reserved 1085440K
  class space    used 4996K, capacity 5199K, committed 5248K, reserved 1048576K
Event: 6.320 GC heap after
Heap after GC invocations=10 (full 2):
 PSYoungGen      total 98304K, used 13612K [0x00000000d5b80000, 0x00000000dd500000, 0x0000000100000000)
  eden space 83456K, 0% used [0x00000000d5b80000,0x00000000d5b80000,0x00000000dad00000)
  from space 14848K, 91% used [0x00000000dc680000,0x00000000dd3cb328,0x00000000dd500000)
  to   space 20480K, 0% used [0x00000000dad00000,0x00000000dad00000,0x00000000dc100000)
 ParOldGen       total 114688K, used 31256K [0x0000000081200000, 0x0000000088200000, 0x00000000d5b80000)
  object space 114688K, 27% used [0x0000000081200000,0x00000000830860e0,0x0000000088200000)
 Metaspace       used 40746K, capacity 41498K, committed 41816K, reserved 1085440K
  class space    used 4996K, capacity 5199K, committed 5248K, reserved 1048576K
}
Event: 7.661 GC heap before
{Heap before GC invocations=11 (full 2):
 PSYoungGen      total 98304K, used 97068K [0x00000000d5b80000, 0x00000000dd500000, 0x0000000100000000)
  eden space 83456K, 100% used [0x00000000d5b80000,0x00000000dad00000,0x00000000dad00000)
  from space 14848K, 91% used [0x00000000dc680000,0x00000000dd3cb328,0x00000000dd500000)
  to   space 20480K, 0% used [0x00000000dad00000,0x00000000dad00000,0x00000000dc100000)
 ParOldGen       total 114688K, used 31256K [0x0000000081200000, 0x0000000088200000, 0x00000000d5b80000)
  object space 114688K, 27% used [0x0000000081200000,0x00000000830860e0,0x0000000088200000)
 Metaspace       used 47481K, capacity 48368K, committed 48728K, reserved 1091584K
  class space    used 5684K, capacity 5950K, committed 6016K, reserved 1048576K
Event: 7.679 GC heap after
Heap after GC invocations=11 (full 2):
 PSYoungGen      total 103936K, used 20462K [0x00000000d5b80000, 0x00000000dd500000, 0x0000000100000000)
  eden space 83456K, 0% used [0x00000000d5b80000,0x00000000d5b80000,0x00000000dad00000)
  from space 20480K, 99% used [0x00000000dad00000,0x00000000dc0fb8b8,0x00000000dc100000)
  to   space 14848K, 0% used [0x00000000dc680000,0x00000000dc680000,0x00000000dd500000)
 ParOldGen       total 114688K, used 33696K [0x0000000081200000, 0x0000000088200000, 0x00000000d5b80000)
  object space 114688K, 29% used [0x0000000081200000,0x00000000832e80d0,0x0000000088200000)
 Metaspace       used 47481K, capacity 48368K, committed 48728K, reserved 1091584K
  class space    used 5684K, capacity 5950K, committed 6016K, reserved 1048576K
}

