# JRE version: OpenJDK Runtime Environment (8.0_242-b01) (build 1.8.0_242-release-1644-b01)
# Java VM: OpenJDK 64-Bit Server VM (25.242-b01 mixed mode windows-amd64 compressed oops)
Heap:
 PSYoungGen      total 406016K, used 99412K [0x00000000d5580000, 0x00000000f5c80000, 0x0000000100000000)
  eden space 371712K, 20% used [0x00000000d5580000,0x00000000d9f0e538,0x00000000ec080000)
  from space 34304K, 70% used [0x00000000ec080000,0x00000000ed806b20,0x00000000ee200000)
  to   space 36864K, 0% used [0x00000000f3880000,0x00000000f3880000,0x00000000f5c80000)
 ParOldGen       total 147968K, used 69846K [0x0000000080000000, 0x0000000089080000, 0x00000000d5580000)
  object space 147968K, 47% used [0x0000000080000000,0x00000000844359e0,0x0000000089080000)
 Metaspace       used 89420K, capacity 93176K, committed 93336K, reserved 1130496K
  class space    used 11808K, capacity 12607K, committed 12704K, reserved 1048576K
GC Heap History (10 events):
Event: 32.963 GC heap before
{Heap before GC invocations=19 (full 3):
 PSYoungGen      total 220160K, used 200704K [0x00000000d5580000, 0x00000000e9f80000, 0x0000000100000000)
  eden space 200704K, 100% used [0x00000000d5580000,0x00000000e1980000,0x00000000e1980000)
  from space 19456K, 0% used [0x00000000e1980000,0x00000000e1980000,0x00000000e2c80000)
  to   space 19968K, 0% used [0x00000000e8c00000,0x00000000e8c00000,0x00000000e9f80000)
 ParOldGen       total 90112K, used 33193K [0x0000000080000000, 0x0000000085800000, 0x00000000d5580000)
  object space 90112K, 36% used [0x0000000080000000,0x000000008206a550,0x0000000085800000)
 Metaspace       used 67210K, capacity 69938K, committed 70040K, reserved 1110016K
  class space    used 9239K, capacity 9839K, committed 9888K, reserved 1048576K
Event: 32.982 GC heap after
Heap after GC invocations=19 (full 3):
 PSYoungGen      total 313344K, used 19941K [0x00000000d5580000, 0x00000000ea300000, 0x0000000100000000)
  eden space 293376K, 0% used [0x00000000d5580000,0x00000000d5580000,0x00000000e7400000)
  from space 19968K, 99% used [0x00000000e8c00000,0x00000000e9f79490,0x00000000e9f80000)
  to   space 24064K, 0% used [0x00000000e7400000,0x00000000e7400000,0x00000000e8b80000)
 ParOldGen       total 90112K, used 35498K [0x0000000080000000, 0x0000000085800000, 0x00000000d5580000)
  object space 90112K, 39% used [0x0000000080000000,0x00000000822aa898,0x0000000085800000)
 Metaspace       used 67210K, capacity 69938K, committed 70040K, reserved 1110016K
  class space    used 9239K, capacity 9839K, committed 9888K, reserved 1048576K
}
Event: 50.372 GC heap before
{Heap before GC invocations=20 (full 3):
 PSYoungGen      total 313344K, used 313317K [0x00000000d5580000, 0x00000000ea300000, 0x0000000100000000)
  eden space 293376K, 100% used [0x00000000d5580000,0x00000000e7400000,0x00000000e7400000)
  from space 19968K, 99% used [0x00000000e8c00000,0x00000000e9f79490,0x00000000e9f80000)
  to   space 24064K, 0% used [0x00000000e7400000,0x00000000e7400000,0x00000000e8b80000)
 ParOldGen       total 90112K, used 35498K [0x0000000080000000, 0x0000000085800000, 0x00000000d5580000)
  object space 90112K, 39% used [0x0000000080000000,0x00000000822aa898,0x0000000085800000)
 Metaspace       used 78395K, capacity 82016K, committed 82200K, reserved 1120256K
  class space    used 10578K, capacity 11296K, committed 11296K, reserved 1048576K
Event: 50.425 GC heap after
Heap after GC invocations=20 (full 3):
 PSYoungGen      total 317440K, used 24057K [0x00000000d5580000, 0x00000000f0b00000, 0x0000000100000000)
  eden space 293376K, 0% used [0x00000000d5580000,0x00000000d5580000,0x00000000e7400000)
  from space 24064K, 99% used [0x00000000e7400000,0x00000000e8b7e558,0x00000000e8b80000)
  to   space 35328K, 0% used [0x00000000ee880000,0x00000000ee880000,0x00000000f0b00000)
 ParOldGen       total 90112K, used 54786K [0x0000000080000000, 0x0000000085800000, 0x00000000d5580000)
  object space 90112K, 60% used [0x0000000080000000,0x0000000083580be8,0x0000000085800000)
 Metaspace       used 78395K, capacity 82016K, committed 82200K, reserved 1120256K
  class space    used 10578K, capacity 11296K, committed 11296K, reserved 1048576K
}
Event: 57.795 GC heap before
{Heap before GC invocations=21 (full 3):
 PSYoungGen      total 317440K, used 317433K [0x00000000d5580000, 0x00000000f0b00000, 0x0000000100000000)
  eden space 293376K, 100% used [0x00000000d5580000,0x00000000e7400000,0x00000000e7400000)
  from space 24064K, 99% used [0x00000000e7400000,0x00000000e8b7e558,0x00000000e8b80000)
  to   space 35328K, 0% used [0x00000000ee880000,0x00000000ee880000,0x00000000f0b00000)
 ParOldGen       total 90112K, used 54786K [0x0000000080000000, 0x0000000085800000, 0x00000000d5580000)
  object space 90112K, 60% used [0x0000000080000000,0x0000000083580be8,0x0000000085800000)
 Metaspace       used 80943K, capacity 84602K, committed 84760K, reserved 1122304K
  class space    used 10791K, capacity 11541K, committed 11552K, reserved 1048576K
Event: 57.909 GC heap after
Heap after GC invocations=21 (full 3):
 PSYoungGen      total 399360K, used 4311K [0x00000000d5580000, 0x00000000f0380000, 0x0000000100000000)
  eden space 371712K, 0% used [0x00000000d5580000,0x00000000d5580000,0x00000000ec080000)
  from space 27648K, 15% used [0x00000000ee880000,0x00000000eecb5e68,0x00000000f0380000)
  to   space 34304K, 0% used [0x00000000ec080000,0x00000000ec080000,0x00000000ee200000)
 ParOldGen       total 90112K, used 76387K [0x0000000080000000, 0x0000000085800000, 0x00000000d5580000)
  object space 90112K, 84% used [0x0000000080000000,0x0000000084a98c60,0x0000000085800000)
 Metaspace       used 80943K, capacity 84602K, committed 84760K, reserved 1122304K
  class space    used 10791K, capacity 11541K, committed 11552K, reserved 1048576K
}
Event: 57.909 GC heap before
{Heap before GC invocations=22 (full 4):
 PSYoungGen      total 399360K, used 4311K [0x00000000d5580000, 0x00000000f0380000, 0x0000000100000000)
  eden space 371712K, 0% used [0x00000000d5580000,0x00000000d5580000,0x00000000ec080000)
  from space 27648K, 15% used [0x00000000ee880000,0x00000000eecb5e68,0x00000000f0380000)
  to   space 34304K, 0% used [0x00000000ec080000,0x00000000ec080000,0x00000000ee200000)
 ParOldGen       total 90112K, used 76387K [0x0000000080000000, 0x0000000085800000, 0x00000000d5580000)
  object space 90112K, 84% used [0x0000000080000000,0x0000000084a98c60,0x0000000085800000)
 Metaspace       used 80943K, capacity 84602K, committed 84760K, reserved 1122304K
  class space    used 10791K, capacity 11541K, committed 11552K, reserved 1048576K
Event: 58.886 GC heap after
Heap after GC invocations=22 (full 4):
 PSYoungGen      total 399360K, used 0K [0x00000000d5580000, 0x00000000f0380000, 0x0000000100000000)
  eden space 371712K, 0% used [0x00000000d5580000,0x00000000d5580000,0x00000000ec080000)
  from space 27648K, 0% used [0x00000000ee880000,0x00000000ee880000,0x00000000f0380000)
  to   space 34304K, 0% used [0x00000000ec080000,0x00000000ec080000,0x00000000ee200000)
 ParOldGen       total 147968K, used 69838K [0x0000000080000000, 0x0000000089080000, 0x00000000d5580000)
  object space 147968K, 47% used [0x0000000080000000,0x00000000844339e0,0x0000000089080000)
 Metaspace       used 80862K, capacity 84376K, committed 84760K, reserved 1122304K
  class space    used 10768K, capacity 11500K, committed 11552K, reserved 1048576K
}
Event: 69.332 GC heap before
{Heap before GC invocations=23 (full 4):
 PSYoungGen      total 399360K, used 371706K [0x00000000d5580000, 0x00000000f0380000, 0x0000000100000000)
  eden space 371712K, 99% used [0x00000000d5580000,0x00000000ec07ea60,0x00000000ec080000)
  from space 27648K, 0% used [0x00000000ee880000,0x00000000ee880000,0x00000000f0380000)
  to   space 34304K, 0% used [0x00000000ec080000,0x00000000ec080000,0x00000000ee200000)
 ParOldGen       total 147968K, used 69838K [0x0000000080000000, 0x0000000089080000, 0x00000000d5580000)
  object space 147968K, 47% used [0x0000000080000000,0x00000000844339e0,0x0000000089080000)
 Metaspace       used 86627K, capacity 90224K, committed 90520K, reserved 1128448K
  class space    used 11421K, capacity 12166K, committed 12192K, reserved 1048576K
Event: 69.400 GC heap after
Heap after GC invocations=23 (full 4):
 PSYoungGen      total 406016K, used 24090K [0x00000000d5580000, 0x00000000f5c80000, 0x0000000100000000)
  eden space 371712K, 0% used [0x00000000d5580000,0x00000000d5580000,0x00000000ec080000)
  from space 34304K, 70% used [0x00000000ec080000,0x00000000ed806b20,0x00000000ee200000)
  to   space 36864K, 0% used [0x00000000f3880000,0x00000000f3880000,0x00000000f5c80000)
 ParOldGen       total 147968K, used 69846K [0x0000000080000000, 0x0000000089080000, 0x00000000d5580000)
  object space 147968K, 47% used [0x0000000080000000,0x00000000844359e0,0x0000000089080000)
 Metaspace       used 86627K, capacity 90224K, committed 90520K, reserved 1128448K
  class space    used 11421K, capacity 12166K, committed 12192K, reserved 1048576K
}

